#
# There is insufficient memory for the Java Runtime Environment to continue.
# Native memory allocation (mmap) failed to map 4294967296 bytes for Failed to commit area from 0x0000000600000000 to 0x0000000700000000 of length 4294967296.
# Possible reasons:
#   The system is out of physical RAM or swap space
#   The process is running with CompressedOops enabled, and the Java Heap may be blocking the growth of the native heap
# Possible solutions:
#   Reduce memory load on the system
#   Increase physical memory or swap space
#   Check if swap backing store is full
#   Decrease Java heap size (-Xmx/-Xms)
#   Decrease number of Java threads
#   Decrease Java thread stack sizes (-Xss)
#   Set larger code cache with -XX:ReservedCodeCacheSize=
#   JVM is running with Zero Based Compressed Oops mode in which the Java heap is
#     placed in the first 32GB address space. The Java Heap base address is the
#     maximum limit for the native heap growth. Please use -XX:HeapBaseMinAddress
#     to set the Java Heap base and to place the Java Heap above 32GB virtual address.
# This output file may be truncated or incomplete.
#
#  Out of Memory Error (./open/src/hotspot/os/windows/os_windows.cpp:3315), pid=4192, tid=13496
#
# JRE version:  (14.0.2+12) (build )
# Java VM: OpenJDK 64-Bit Server VM (14.0.2+12-46, mixed mode, sharing, tiered, compressed oops, g1 gc, windows-amd64)
# No core dump will be written. Minidumps are not enabled by default on client versions of Windows
#

---------------  S U M M A R Y ------------

Command Line: --module-path=C:\javafx-sdk-18.0.1\lib --add-modules=javafx.controls,javafx.fxml -Xms4096m -Xmx8192m -Dfile.encoding=Cp1252 --module-path=C:\Users\Rocker\.p2\pool\plugins\org.eclipse.fx.ide.css.jfx8_3.7.0.202010120832.jar;C:\javafx-sdk-18.0.1\lib\javafx.base.jar;C:\javafx-sdk-18.0.1\lib\javafx.controls.jar;C:\javafx-sdk-18.0.1\lib\javafx.fxml.jar;C:\javafx-sdk-18.0.1\lib\javafx.graphics.jar;C:\javafx-sdk-18.0.1\lib\javafx.media.jar;C:\javafx-sdk-18.0.1\lib\javafx.swing.jar;C:\javafx-sdk-18.0.1\lib\javafx.web.jar;C:\javafx-sdk-18.0.1\lib\javafx-swt.jar;C:\jgrap\checker-qual-3.5.0.jar;C:\jgrap\commons-math3-3.6.1.jar;C:\jgrap\dsiutils-2.6.17.jar;C:\jgrap\error_prone_annotations-2.3.4.jar;C:\jgrap\failureaccess-1.0.1.jar;C:\jgrap\fastutil-8.5.2.jar;C:\jgrap\guava-30.1-jre.jar;C:\jgrap\j2objc-annotations-1.3.jar;C:\jgrap\jgrapht-core-1.5.1.jar;C:\jgrap\jgrapht-opt-1.5.1.jar;C:\jgrap\jgrapht-unimi-dsi-1.5.1.jar;C:\jgrap\jheaps-0.13.jar;C:\jgrap\jsap-20210129.jar;C:\jgrap\jsr305-3.0.2.jar;C:\jgrap\listenablefuture-9999.0-empty-to-avoid-conflict-with-guava.jar;C:\jgrap\logback-classic-1.2.3.jar;C:\jgrap\logback-core-1.2.3.jar;C:\jgrap\slf4j-api-1.7.30.jar;C:\jgrap\sux4j-5.2.3.jar;C:\jgrap\webgraph-3.6.10.jar;C:\jgrap\webgraph-big-3.6.6.jar;C:\Users\Rocker\Downloads\gson-2.6.2.jar -XX:+ShowCodeDetailsInExceptionMessages application.Main

Host: Intel(R) Core(TM) i7-9750H CPU @ 2.60GHz, 12 cores, 15G,  Windows 10 , 64 bit Build 22000 (10.0.22000.675)
Time: Sat Jun  4 22:55:17 2022 Egypt Standard Time elapsed time: 0 seconds (0d 0h 0m 0s)

---------------  T H R E A D  ---------------

Current thread (0x000001efdcb02000):  JavaThread "Unknown thread" [_thread_in_vm, id=13496, stack(0x000000092a900000,0x000000092aa00000)]

Stack: [0x000000092a900000,0x000000092aa00000]
Native frames: (J=compiled Java code, j=interpreted, Vv=VM code, C=native code)
V  [jvm.dll+0x5f8a9a]
V  [jvm.dll+0x74247a]
V  [jvm.dll+0x743c2f]
V  [jvm.dll+0x744273]
V  [jvm.dll+0x20d288]
V  [jvm.dll+0x5f5dea]
V  [jvm.dll+0x5eac45]
V  [jvm.dll+0x2c7e9c]
V  [jvm.dll+0x2c7cd2]
V  [jvm.dll+0x2cdbbc]
V  [jvm.dll+0x313fe8]
V  [jvm.dll+0x313710]
V  [jvm.dll+0x2a092a]
V  [jvm.dll+0x2a1a79]
V  [jvm.dll+0x71fd48]
V  [jvm.dll+0x321c14]
V  [jvm.dll+0x70112c]
V  [jvm.dll+0x392def]
V  [jvm.dll+0x394e61]
C  [jli.dll+0x524b]
C  [ucrtbase.dll+0x26c0c]
C  [KERNEL32.DLL+0x154e0]
C  [ntdll.dll+0x485b]


---------------  P R O C E S S  ---------------

Threads class SMR info:
_java_thread_list=0x00007fff9bbd3038, length=0, elements={
}

Java Threads: ( => current thread )

Other Threads:
  0x000001efdcb87000 GCTaskThread "GC Thread#0" [stack: 0x000000092aa00000,0x000000092ab00000] [id=18940]
  0x000001efdcba9000 ConcurrentGCThread "G1 Main Marker" [stack: 0x000000092ab00000,0x000000092ac00000] [id=12180]
  0x000001efdcbab800 ConcurrentGCThread "G1 Conc#0" [stack: 0x000000092ac00000,0x000000092ad00000] [id=18640]

[error occurred during error reporting (printing all threads), id 0xc0000005, EXCEPTION_ACCESS_VIOLATION (0xc0000005) at pc=0x00007fff9b401257]

VM state:not at safepoint (not fully initialized)

VM Mutex/Monitor currently owned by a thread:  ([mutex/lock_event])
[0x000001efdcafdbb0] Heap_lock - owner thread: 0x000001efdcb02000

Heap address: 0x0000000600000000, size: 8192 MB, Compressed Oops mode: Zero based, Oop shift amount: 3
Narrow klass base: 0x0000000000000000, Narrow klass shift: 0

GC Heap History (0 events):
No events

Deoptimization events (0 events):
No events

Classes unloaded (0 events):
No events

Classes redefined (0 events):
No events

Internal exceptions (0 events):
No events

Events (2 events):
Event: 0.006 Loaded shared library C:\Users\Rocker\.p2\pool\plugins\org.eclipse.justj.openjdk.hotspot.jre.full.win32.x86_64_14.0.2.v20200815-0932\jre\bin\java.dll
Event: 0.006 Loaded shared library C:\Users\Rocker\.p2\pool\plugins\org.eclipse.justj.openjdk.hotspot.jre.full.win32.x86_64_14.0.2.v20200815-0932\jre\bin\zip.dll


Dynamic libraries:
0x00007ff76ae20000 - 0x00007ff76ae2d000 	C:\Users\Rocker\.p2\pool\plugins\org.eclipse.justj.openjdk.hotspot.jre.full.win32.x86_64_14.0.2.v20200815-0932\jre\bin\javaw.exe
0x00007ff814040000 - 0x00007ff814249000 	C:\WINDOWS\SYSTEM32\ntdll.dll
0x00007ff8136c0000 - 0x00007ff81377d000 	C:\WINDOWS\System32\KERNEL32.DLL
0x00007ff8119a0000 - 0x00007ff811d19000 	C:\WINDOWS\System32\KERNELBASE.dll
0x00007ff811dc0000 - 0x00007ff811ed1000 	C:\WINDOWS\System32\ucrtbase.dll
0x00007ff8008c0000 - 0x00007ff8008d8000 	C:\Users\Rocker\.p2\pool\plugins\org.eclipse.justj.openjdk.hotspot.jre.full.win32.x86_64_14.0.2.v20200815-0932\jre\bin\jli.dll
0x00007fffef1d0000 - 0x00007fffef1e5000 	C:\Users\Rocker\.p2\pool\plugins\org.eclipse.justj.openjdk.hotspot.jre.full.win32.x86_64_14.0.2.v20200815-0932\jre\bin\VCRUNTIME140.dll
0x00007ff8138c0000 - 0x00007ff813a6c000 	C:\WINDOWS\System32\USER32.dll
0x00007ffff00b0000 - 0x00007ffff0355000 	C:\WINDOWS\WinSxS\amd64_microsoft.windows.common-controls_6595b64144ccf1df_6.0.22000.120_none_9d947278b86cc467\COMCTL32.dll
0x00007ff811970000 - 0x00007ff811996000 	C:\WINDOWS\System32\win32u.dll
0x00007ff813a70000 - 0x00007ff813b13000 	C:\WINDOWS\System32\msvcrt.dll
0x00007ff8127a0000 - 0x00007ff8127c9000 	C:\WINDOWS\System32\GDI32.dll
0x00007ff811850000 - 0x00007ff811962000 	C:\WINDOWS\System32\gdi32full.dll
0x00007ff811d20000 - 0x00007ff811dbd000 	C:\WINDOWS\System32\msvcp_win.dll
0x00007ff812fe0000 - 0x00007ff813011000 	C:\WINDOWS\System32\IMM32.DLL
0x00007fffd8110000 - 0x00007fffd81ab000 	C:\Users\Rocker\.p2\pool\plugins\org.eclipse.justj.openjdk.hotspot.jre.full.win32.x86_64_14.0.2.v20200815-0932\jre\bin\msvcp140.dll
0x00007fff9b150000 - 0x00007fff9bc6e000 	C:\Users\Rocker\.p2\pool\plugins\org.eclipse.justj.openjdk.hotspot.jre.full.win32.x86_64_14.0.2.v20200815-0932\jre\bin\server\jvm.dll
0x00007ff812970000 - 0x00007ff812a1e000 	C:\WINDOWS\System32\ADVAPI32.dll
0x00007ff813b30000 - 0x00007ff813bce000 	C:\WINDOWS\System32\sechost.dll
0x00007ff812ec0000 - 0x00007ff812fe0000 	C:\WINDOWS\System32\RPCRT4.dll
0x00007ff813b20000 - 0x00007ff813b28000 	C:\WINDOWS\System32\PSAPI.DLL
0x00007ff800020000 - 0x00007ff800029000 	C:\WINDOWS\SYSTEM32\WSOCK32.dll
0x00007ff80b3d0000 - 0x00007ff80b403000 	C:\WINDOWS\SYSTEM32\WINMM.dll
0x00007ff813650000 - 0x00007ff8136bf000 	C:\WINDOWS\System32\WS2_32.dll
0x00007ff808780000 - 0x00007ff80878a000 	C:\WINDOWS\SYSTEM32\VERSION.dll
0x00007ff8105f0000 - 0x00007ff810608000 	C:\WINDOWS\SYSTEM32\kernel.appcore.dll
0x00007fffff910000 - 0x00007fffff91a000 	C:\Users\Rocker\.p2\pool\plugins\org.eclipse.justj.openjdk.hotspot.jre.full.win32.x86_64_14.0.2.v20200815-0932\jre\bin\jimage.dll
0x00007ff80f130000 - 0x00007ff80f351000 	C:\WINDOWS\SYSTEM32\DBGHELP.DLL
0x00007ffffa880000 - 0x00007ffffa8b1000 	C:\WINDOWS\SYSTEM32\dbgcore.DLL
0x00007ff8116a0000 - 0x00007ff81171f000 	C:\WINDOWS\System32\bcryptPrimitives.dll
0x00007fffe7690000 - 0x00007fffe76b5000 	C:\Users\Rocker\.p2\pool\plugins\org.eclipse.justj.openjdk.hotspot.jre.full.win32.x86_64_14.0.2.v20200815-0932\jre\bin\java.dll
0x00007ffffa820000 - 0x00007ffffa836000 	C:\Users\Rocker\.p2\pool\plugins\org.eclipse.justj.openjdk.hotspot.jre.full.win32.x86_64_14.0.2.v20200815-0932\jre\bin\zip.dll

dbghelp: loaded successfully - version: 4.0.5 - missing functions: none
symbol engine: initialized successfully - sym options: 0x614 - pdb path: .;C:\Users\Rocker\.p2\pool\plugins\org.eclipse.justj.openjdk.hotspot.jre.full.win32.x86_64_14.0.2.v20200815-0932\jre\bin;C:\WINDOWS\SYSTEM32;C:\WINDOWS\WinSxS\amd64_microsoft.windows.common-controls_6595b64144ccf1df_6.0.22000.120_none_9d947278b86cc467;C:\Users\Rocker\.p2\pool\plugins\org.eclipse.justj.openjdk.hotspot.jre.full.win32.x86_64_14.0.2.v20200815-0932\jre\bin\server

VM Arguments:
jvm_args: --module-path=C:\javafx-sdk-18.0.1\lib --add-modules=javafx.controls,javafx.fxml -Xms4096m -Xmx8192m -Dfile.encoding=Cp1252 --module-path=C:\Users\Rocker\.p2\pool\plugins\org.eclipse.fx.ide.css.jfx8_3.7.0.202010120832.jar;C:\javafx-sdk-18.0.1\lib\javafx.base.jar;C:\javafx-sdk-18.0.1\lib\javafx.controls.jar;C:\javafx-sdk-18.0.1\lib\javafx.fxml.jar;C:\javafx-sdk-18.0.1\lib\javafx.graphics.jar;C:\javafx-sdk-18.0.1\lib\javafx.media.jar;C:\javafx-sdk-18.0.1\lib\javafx.swing.jar;C:\javafx-sdk-18.0.1\lib\javafx.web.jar;C:\javafx-sdk-18.0.1\lib\javafx-swt.jar;C:\jgrap\checker-qual-3.5.0.jar;C:\jgrap\commons-math3-3.6.1.jar;C:\jgrap\dsiutils-2.6.17.jar;C:\jgrap\error_prone_annotations-2.3.4.jar;C:\jgrap\failureaccess-1.0.1.jar;C:\jgrap\fastutil-8.5.2.jar;C:\jgrap\guava-30.1-jre.jar;C:\jgrap\j2objc-annotations-1.3.jar;C:\jgrap\jgrapht-core-1.5.1.jar;C:\jgrap\jgrapht-opt-1.5.1.jar;C:\jgrap\jgrapht-unimi-dsi-1.5.1.jar;C:\jgrap\jheaps-0.13.jar;C:\jgrap\jsap-20210129.jar;C:\jgrap\jsr305-3.0.2.jar;C:\jgrap\listenablefuture-9999.0-empty-to-avoid-conflict-with-guava.jar;C:\jgrap\logback-classic-1.2.3.jar;C:\jgrap\logback-core-1.2.3.jar;C:\jgrap\slf4j-api-1.7.30.jar;C:\jgrap\sux4j-5.2.3.jar;C:\jgrap\webgraph-3.6.10.jar;C:\jgrap\webgraph-big-3.6.6.jar;C:\Users\Rocker\Downloads\gson-2.6.2.jar -XX:+ShowCodeDetailsInExceptionMessages 
java_command: application.Main
java_class_path (initial): C:\Users\Rocker\Desktop\JavaWorkSpace\ChineseFX\bin;C:\jgrap\checker-qual-3.5.0.jar;C:\jgrap\commons-math3-3.6.1.jar;C:\jgrap\dsiutils-2.6.17.jar;C:\jgrap\error_prone_annotations-2.3.4.jar;C:\jgrap\failureaccess-1.0.1.jar;C:\jgrap\fastutil-8.5.2.jar;C:\jgrap\guava-30.1-jre.jar;C:\jgrap\j2objc-annotations-1.3.jar;C:\jgrap\jgrapht-core-1.5.1.jar;C:\jgrap\jgrapht-opt-1.5.1.jar;C:\jgrap\jgrapht-unimi-dsi-1.5.1.jar;C:\jgrap\jheaps-0.13.jar;C:\jgrap\jsap-20210129.jar;C:\jgrap\jsr305-3.0.2.jar;C:\jgrap\listenablefuture-9999.0-empty-to-avoid-conflict-with-guava.jar;C:\jgrap\logback-classic-1.2.3.jar;C:\jgrap\logback-core-1.2.3.jar;C:\jgrap\slf4j-api-1.7.30.jar;C:\jgrap\sux4j-5.2.3.jar;C:\jgrap\webgraph-3.6.10.jar;C:\jgrap\webgraph-big-3.6.6.jar
Launcher Type: SUN_STANDARD

[Global flags]
     intx CICompilerCount                          = 4                                         {product} {ergonomic}
     uint ConcGCThreads                            = 3                                         {product} {ergonomic}
     uint G1ConcRefinementThreads                  = 10                                        {product} {ergonomic}
   size_t G1HeapRegionSize                         = 2097152                                   {product} {ergonomic}
    uintx GCDrainStackTargetSize                   = 64                                        {product} {ergonomic}
   size_t InitialHeapSize                          = 4294967296                                {product} {command line}
   size_t MarkStackSize                            = 4194304                                   {product} {ergonomic}
   size_t MaxHeapSize                              = 8589934592                                {product} {command line}
   size_t MinHeapDeltaBytes                        = 2097152                                   {product} {ergonomic}
   size_t MinHeapSize                              = 4294967296                                {product} {command line}
    uintx NonNMethodCodeHeapSize                   = 5839372                                {pd product} {ergonomic}
    uintx NonProfiledCodeHeapSize                  = 122909434                              {pd product} {ergonomic}
    uintx ProfiledCodeHeapSize                     = 122909434                              {pd product} {ergonomic}
    uintx ReservedCodeCacheSize                    = 251658240                              {pd product} {ergonomic}
     bool SegmentedCodeCache                       = true                                      {product} {ergonomic}
     bool ShowCodeDetailsInExceptionMessages       = true                                   {manageable} {command line}
   size_t SoftMaxHeapSize                          = 8589934592                             {manageable} {ergonomic}
     bool UseCompressedClassPointers               = true                                 {lp64_product} {ergonomic}
     bool UseCompressedOops                        = true                                 {lp64_product} {ergonomic}
     bool UseG1GC                                  = true                                      {product} {ergonomic}
     bool UseLargePagesIndividualAllocation        = false                                  {pd product} {ergonomic}

Logging:
Log output configuration:
 #0: stdout all=warning uptime,level,tags
 #1: stderr all=off uptime,level,tags

Environment Variables:
CLASSPATH=C:\Users\Rocker\Downloads\commons-io-2.11.0\commons-io-2.11.0.jar
PATH=C:/Users/Rocker/.p2/pool/plugins/org.eclipse.justj.openjdk.hotspot.jre.full.win32.x86_64_14.0.2.v20200815-0932/jre/bin/server;C:/Users/Rocker/.p2/pool/plugins/org.eclipse.justj.openjdk.hotspot.jre.full.win32.x86_64_14.0.2.v20200815-0932/jre/bin;C:\Program Files\Common Files\Oracle\Java\javapath;C:\Program Files (x86)\Common Files\Oracle\Java\javapath;C:\Windows\system32;C:\Windows;C:\Windows\System32\Wbem;C:\Windows\System32\WindowsPowerShell\v1.0\;C:\Windows\System32\OpenSSH\;C:\Program Files\NVIDIA Corporation\NVIDIA NvDLISR;C:\TDM-GCC-64\bin;C:\Program Files\Wolfram Research\WolframScript\;C:\Program Files\Git\cmd;C:\Program Files\Microsoft SQL Server\Client SDK\ODBC\170\Tools\Binn\;C:\Program Files (x86)\Microsoft SQL Server\150\Tools\Binn\;C:\Program Files\Microsoft SQL Server\150\Tools\Binn\;C:\Program Files\Microsoft SQL Server\150\DTS\Binn\;C:\Program Files (x86)\Microsoft SQL Server\150\DTS\Binn\;C:\Program Files\Azure Data Studio\bin;C:\Program Files\Microsoft SQL Server\130\Tools\Binn\;C:\Program Files\CMake\bin;C:\Program Files\dotnet\;C:\WINDOWS\system32;C:\WINDOWS;C:\WINDOWS\System32\Wbem;C:\WINDOWS\System32\WindowsPowerShell\v1.0\;C:\WINDOWS\System32\OpenSSH\;C:\Users\Rocker\AppData\Local\Microsoft\WindowsApps;C:\Users\Rocker\AppData\Local\Programs\Microsoft VS Code\bin;F:\Flutter\Flutter\flutter\bin;C:\Program Files\Azure Data Studio\bin;C:\Users\Rocker\AppData\Local\Programs\Python\Python39;C:\Users\Rocker\AppData\Local\Packages\PythonSoftwareFoundation.Python.3.9_qbz5n2kfra8p0\LocalCache\local-packages\Python39\Scripts;C:\Program Files\heroku\bin;C:\iverilog\bin;C:\iverilog\gtkwave\bin;C:\Users\Rocker\AppData\Local\GitHubDesktop\bin;;C:\Users\Rocker\.jdks\openjdk-17.0.1;C:\WINDOWS\System32;
USERNAME=Rocker
OS=Windows_NT
PROCESSOR_IDENTIFIER=Intel64 Family 6 Model 158 Stepping 10, GenuineIntel



---------------  S Y S T E M  ---------------

OS: Windows 10 , 64 bit Build 22000 (10.0.22000.675)
OS uptime: 1 days 7:21 hours
HyperV virtualization detected

CPU:total 12 (initial active 12) (6 cores per cpu, 2 threads per core) family 6 model 158 stepping 10, cmov, cx8, fxsr, mmx, sse, sse2, sse3, ssse3, sse4.1, sse4.2, popcnt, avx, avx2, aes, clmul, erms, 3dnowpref, lzcnt, ht, tsc, tscinvbit, bmi1, bmi2, adx, fma

Memory: 4k page, system-wide physical 16263M (8208M free)
TotalPageFile size 25580M (AvailPageFile size 4100M)
current process WorkingSet (physical memory assigned to process): 10M, peak: 10M
current process commit charge ("private bytes"): 65M, peak: 4161M

vm_info: OpenJDK 64-Bit Server VM (14.0.2+12-46) for windows-amd64 JRE (14.0.2+12-46), built on Jul  9 2020 00:31:16 by "mach5one" with MS VC++ 15.9 (VS2017)

END.
